[INFO  - 2017-06-09T14:08:54.222Z] GhostDriver - Main - running on port 56791
[INFO  - 2017-06-09T14:08:54.447Z] Session [2becf7b0-4d1d-11e7-b45b-5faabc640a32] - page.settings - {"XSSAuditingEnabled":false,"javascriptCanCloseWindows":true,"javascriptCanOpenWindows":true,"javascriptEnabled":true,"loadImages":false,"localToRemoteUrlAccessEnabled":false,"userAgent":"Mozilla/5.0 (Macintosh; Intel Mac OS X) AppleWebKit/538.1 (KHTML, like Gecko) PhantomJS/2.1.1 Safari/538.1","webSecurityEnabled":true}
[INFO  - 2017-06-09T14:08:54.447Z] Session [2becf7b0-4d1d-11e7-b45b-5faabc640a32] - page.customHeaders:  - {}
[INFO  - 2017-06-09T14:08:54.447Z] Session [2becf7b0-4d1d-11e7-b45b-5faabc640a32] - Session.negotiatedCapabilities - {"browserName":"phantomjs","version":"2.1.1","driverName":"ghostdriver","driverVersion":"1.2.0","platform":"mac-unknown-64bit","javascriptEnabled":true,"takesScreenshot":true,"handlesAlerts":false,"databaseEnabled":false,"locationContextEnabled":false,"applicationCacheEnabled":false,"browserConnectionEnabled":false,"cssSelectorsEnabled":true,"webStorageEnabled":false,"rotatable":false,"acceptSslCerts":false,"nativeEvents":true,"proxy":{"proxyType":"direct"}}
[INFO  - 2017-06-09T14:08:54.447Z] SessionManagerReqHand - _postNewSessionCommand - New Session Created: 2becf7b0-4d1d-11e7-b45b-5faabc640a32
[ERROR - 2017-06-09T14:09:00.985Z] WebElementLocator - _handleLocateCommand - Element(s) NOT Found: GAVE UP. Search Stop Time: 1497017340947

  phantomjs://platform/console++.js:263 in error
[ERROR - 2017-06-09T14:09:01.837Z] WebElementLocator - _handleLocateCommand - Element(s) NOT Found: GAVE UP. Search Stop Time: 1497017341810

  phantomjs://platform/console++.js:263 in error
[ERROR - 2017-06-09T14:09:02.653Z] WebElementLocator - _handleLocateCommand - Element(s) NOT Found: GAVE UP. Search Stop Time: 1497017342622

  phantomjs://platform/console++.js:263 in error
[ERROR - 2017-06-09T14:09:03.473Z] WebElementLocator - _handleLocateCommand - Element(s) NOT Found: GAVE UP. Search Stop Time: 1497017343440

  phantomjs://platform/console++.js:263 in error
[ERROR - 2017-06-09T14:09:04.282Z] WebElementLocator - _handleLocateCommand - Element(s) NOT Found: GAVE UP. Search Stop Time: 1497017344255

  phantomjs://platform/console++.js:263 in error
[ERROR - 2017-06-09T14:09:05.100Z] WebElementLocator - _handleLocateCommand - Element(s) NOT Found: GAVE UP. Search Stop Time: 1497017345067

  phantomjs://platform/console++.js:263 in error
[ERROR - 2017-06-09T14:09:05.917Z] WebElementLocator - _handleLocateCommand - Element(s) NOT Found: GAVE UP. Search Stop Time: 1497017345884

  phantomjs://platform/console++.js:263 in error
[ERROR - 2017-06-09T14:09:06.748Z] WebElementLocator - _handleLocateCommand - Element(s) NOT Found: GAVE UP. Search Stop Time: 1497017346700

  phantomjs://platform/console++.js:263 in error
[ERROR - 2017-06-09T14:09:07.560Z] WebElementLocator - _handleLocateCommand - Element(s) NOT Found: GAVE UP. Search Stop Time: 1497017347531

  phantomjs://platform/console++.js:263 in error
[ERROR - 2017-06-09T14:09:08.384Z] WebElementLocator - _handleLocateCommand - Element(s) NOT Found: GAVE UP. Search Stop Time: 1497017348346

  phantomjs://platform/console++.js:263 in error
[ERROR - 2017-06-09T14:09:09.197Z] WebElementLocator - _handleLocateCommand - Element(s) NOT Found: GAVE UP. Search Stop Time: 1497017349171

  phantomjs://platform/console++.js:263 in error
[ERROR - 2017-06-09T14:09:10.009Z] WebElementLocator - _handleLocateCommand - Element(s) NOT Found: GAVE UP. Search Stop Time: 1497017349982

  phantomjs://platform/console++.js:263 in error
[ERROR - 2017-06-09T14:09:10.818Z] WebElementLocator - _handleLocateCommand - Element(s) NOT Found: GAVE UP. Search Stop Time: 1497017350793

  phantomjs://platform/console++.js:263 in error
